2026-06-01 08:02:21: ◇ injected env (42) from .env // tip: ◈ encrypted .env [www.dotenvx.com]
2026-06-01 08:02:21: [COORDINATION] Starting background watcher on /home/enio/egos...
2026-06-01 08:02:21: [COORDINATION] Changes detected. Invoking AI summary...
2026-06-01 08:02:31: [COORDINATION] Blackboard successfully updated (both /tmp and ~/.egos).
2026-06-01 08:03:31: [COORDINATION] Changes detected. Invoking AI summary...
2026-06-01 08:03:43: [COORDINATION] Blackboard successfully updated (both /tmp and ~/.egos).
2026-06-01 08:03:58: [COORDINATION] Changes detected. Invoking AI summary...
2026-06-01 08:04:09: [COORDINATION] Blackboard successfully updated (both /tmp and ~/.egos).
2026-06-01 08:04:24: [COORDINATION] Changes detected. Invoking AI summary...
2026-06-01 08:04:35: [COORDINATION] Blackboard successfully updated (both /tmp and ~/.egos).
2026-06-01 08:04:50: [COORDINATION] Workspace is clean.
2026-06-01 08:04:50: [COORDINATION] Blackboard marked clean (both /tmp and ~/.egos).
2026-06-01 08:05:50: [COORDINATION] Changes detected. Invoking AI summary...
2026-06-01 08:06:02: [COORDINATION] Blackboard successfully updated (both /tmp and ~/.egos).
2026-06-01 09:16:56: [COORDINATION] Changes detected. Invoking AI summary...
2026-06-01 09:21:27: [COORDINATION] Blackboard successfully updated (both /tmp and ~/.egos).
2026-06-01 09:21:42: [COORDINATION] Changes detected. Invoking AI summary...
2026-06-01 09:21:49: [COORDINATION] Blackboard successfully updated (both /tmp and ~/.egos).
2026-06-01 09:22:19: [COORDINATION] Changes detected. Invoking AI summary...
2026-06-01 09:22:31: [COORDINATION] Blackboard successfully updated (both /tmp and ~/.egos).
2026-06-01 09:22:46: [COORDINATION] Changes detected. Invoking AI summary...
2026-06-01 09:22:57: [COORDINATION] Blackboard successfully updated (both /tmp and ~/.egos).
2026-06-01 09:23:12: [COORDINATION] Changes detected. Invoking AI summary...
2026-06-01 09:23:25: [COORDINATION] Blackboard successfully updated (both /tmp and ~/.egos).
2026-06-01 09:23:40: [COORDINATION] Workspace is clean.
2026-06-01 09:23:40: [COORDINATION] Blackboard marked clean (both /tmp and ~/.egos).
2026-06-01 09:24:10: [COORDINATION] Changes detected. Invoking AI summary...
2026-06-01 09:24:25: [COORDINATION] Blackboard successfully updated (both /tmp and ~/.egos).
2026-06-01 09:26:55: [COORDINATION] Changes detected. Invoking AI summary...
2026-06-01 09:27:10: [COORDINATION] Blackboard successfully updated (both /tmp and ~/.egos).
2026-06-01 09:27:25: [COORDINATION] Changes detected. Invoking AI summary...
2026-06-01 09:27:36: [COORDINATION] Blackboard successfully updated (both /tmp and ~/.egos).
2026-06-01 09:27:51: [COORDINATION] Changes detected. Invoking AI summary...
2026-06-01 09:28:05: [COORDINATION] Blackboard successfully updated (both /tmp and ~/.egos).
2026-06-01 09:28:21: [COORDINATION] Changes detected. Invoking AI summary...
2026-06-01 09:28:36: [COORDINATION] Blackboard successfully updated (both /tmp and ~/.egos).
2026-06-01 09:28:51: [COORDINATION] Changes detected. Invoking AI summary...
2026-06-01 09:29:04: [COORDINATION] Blackboard successfully updated (both /tmp and ~/.egos).
2026-06-01 09:29:34: [COORDINATION] Changes detected. Invoking AI summary...
2026-06-01 09:29:47: [COORDINATION] Blackboard successfully updated (both /tmp and ~/.egos).
2026-06-01 09:30:02: [COORDINATION] Changes detected. Invoking AI summary...
2026-06-01 09:30:14: [COORDINATION] Blackboard successfully updated (both /tmp and ~/.egos).
2026-06-01 09:42:45: [COORDINATION] Changes detected. Invoking AI summary...
2026-06-01 09:45:47: [COORDINATION] Workspace is clean.
2026-06-01 09:45:47: [COORDINATION] Blackboard marked clean (both /tmp and ~/.egos).
2026-06-01 09:46:17: [COORDINATION] Changes detected. Invoking AI summary...
2026-06-01 09:46:33: [COORDINATION] Changes detected. Invoking AI summary...
2026-06-01 09:46:38: [COORDINATION] Blackboard successfully updated (both /tmp and ~/.egos).
2026-06-01 09:47:08: [COORDINATION] Workspace is clean.
2026-06-01 09:47:08: [COORDINATION] Blackboard marked clean (both /tmp and ~/.egos).
2026-06-01 09:48:08: [COORDINATION] Changes detected. Invoking AI summary...
2026-06-01 09:48:40: [COORDINATION] Changes detected. Invoking AI summary...
2026-06-01 09:48:46: [COORDINATION] Blackboard successfully updated (both /tmp and ~/.egos).
2026-06-01 09:49:01: [COORDINATION] Workspace is clean.
2026-06-01 09:49:01: [COORDINATION] Blackboard marked clean (both /tmp and ~/.egos).
2026-06-01 09:50:01: [COORDINATION] Changes detected. Invoking AI summary...
2026-06-01 09:51:48: [COORDINATION] Changes detected. Invoking AI summary...
2026-06-01 09:53:19: [COORDINATION] Changes detected. Invoking AI summary...
2026-06-01 09:56:20: [COORDINATION] Changes detected. Invoking AI summary...
2026-06-01 09:57:36: [COORDINATION] Workspace is clean.
2026-06-01 09:57:36: [COORDINATION] Blackboard marked clean (both /tmp and ~/.egos).
2026-06-01 09:58:36: [COORDINATION] Changes detected. Invoking AI summary...
2026-06-01 10:01:07: [COORDINATION] Changes detected. Invoking AI summary...
2026-06-01 10:06:39: [COORDINATION] Changes detected. Invoking AI summary...
2026-06-01 10:07:14: [COORDINATION] Workspace is clean.
2026-06-01 10:07:14: [COORDINATION] Blackboard marked clean (both /tmp and ~/.egos).
2026-06-01 10:07:59: [COORDINATION] Changes detected. Invoking AI summary...
2026-06-01 10:15:15: [COORDINATION] Changes detected. Invoking AI summary...
2026-06-01 10:16:19: [COORDINATION] Changes detected. Invoking AI summary...
2026-06-01 10:16:50: [COORDINATION] Workspace is clean.
2026-06-01 10:16:50: [COORDINATION] Blackboard marked clean (both /tmp and ~/.egos).
2026-06-01 10:18:05: [COORDINATION] Changes detected. Invoking AI summary...
2026-06-01 10:18:36: [COORDINATION] Changes detected. Invoking AI summary...
2026-06-01 10:18:52: [COORDINATION] Changes detected. Invoking AI summary...
2026-06-01 10:19:08: [COORDINATION] Changes detected. Invoking AI summary...
2026-06-01 10:19:23: [COORDINATION] Changes detected. Invoking AI summary...
2026-06-01 10:19:39: [COORDINATION] Changes detected. Invoking AI summary...
2026-06-01 10:19:55: [COORDINATION] Changes detected. Invoking AI summary...
2026-06-01 10:21:11: [COORDINATION] Changes detected. Invoking AI summary...
2026-06-01 10:21:42: [COORDINATION] Changes detected. Invoking AI summary...
2026-06-01 10:23:28: [COORDINATION] Changes detected. Invoking AI summary...
2026-06-01 10:24:44: [COORDINATION] Changes detected. Invoking AI summary...
2026-06-01 10:27:00: [COORDINATION] Changes detected. Invoking AI summary...
2026-06-01 10:29:01: [COORDINATION] Changes detected. Invoking AI summary...
2026-06-01 10:29:17: [COORDINATION] Changes detected. Invoking AI summary...
2026-06-01 10:29:32: [COORDINATION] Changes detected. Invoking AI summary...
2026-06-01 10:29:48: [COORDINATION] Workspace is clean.
2026-06-01 10:29:48: [COORDINATION] Blackboard marked clean (both /tmp and ~/.egos).
2026-06-01 10:30:33: [COORDINATION] Changes detected. Invoking AI summary...
2026-06-01 10:31:34: [COORDINATION] Changes detected. Invoking AI summary...
2026-06-01 10:31:50: [COORDINATION] Changes detected. Invoking AI summary...
2026-06-01 10:32:06: [COORDINATION] Changes detected. Invoking AI summary...
2026-06-01 10:32:21: [COORDINATION] Workspace is clean.
2026-06-01 10:32:21: [COORDINATION] Blackboard marked clean (both /tmp and ~/.egos).
2026-06-01 10:33:51: [COORDINATION] Changes detected. Invoking AI summary...
2026-06-01 10:39:23: [COORDINATION] Changes detected. Invoking AI summary...
2026-06-01 10:39:57: [COORDINATION] Changes detected. Invoking AI summary...
2026-06-01 10:40:13: [COORDINATION] Changes detected. Invoking AI summary...
2026-06-01 10:41:29: [COORDINATION] Changes detected. Invoking AI summary...
2026-06-01 10:42:00: [COORDINATION] Changes detected. Invoking AI summary...
2026-06-01 10:42:30: [COORDINATION] Changes detected. Invoking AI summary...
2026-06-01 10:43:01: [COORDINATION] Changes detected. Invoking AI summary...
2026-06-01 10:44:17: [COORDINATION] Changes detected. Invoking AI summary...
2026-06-01 10:44:48: [COORDINATION] Changes detected. Invoking AI summary...
2026-06-01 10:45:34: [COORDINATION] Changes detected. Invoking AI summary...
2026-06-01 10:46:15: [COORDINATION] Changes detected. Invoking AI summary...
2026-06-01 10:46:31: [COORDINATION] Changes detected. Invoking AI summary...
2026-06-01 10:46:46: [COORDINATION] Changes detected. Invoking AI summary...
2026-06-01 10:47:17: [COORDINATION] Workspace is clean.
2026-06-01 10:47:17: [COORDINATION] Blackboard marked clean (both /tmp and ~/.egos).
2026-06-01 10:48:17: [COORDINATION] Changes detected. Invoking AI summary...
2026-06-01 10:48:48: [COORDINATION] Changes detected. Invoking AI summary...
2026-06-01 10:49:04: [COORDINATION] Changes detected. Invoking AI summary...
2026-06-01 10:49:20: [COORDINATION] Changes detected. Invoking AI summary...
2026-06-01 10:49:36: [COORDINATION] Changes detected. Invoking AI summary...
2026-06-01 10:49:52: [COORDINATION] Changes detected. Invoking AI summary...
2026-06-01 10:50:07: [COORDINATION] Changes detected. Invoking AI summary...
2026-06-01 10:50:23: [COORDINATION] Workspace is clean.
2026-06-01 10:50:23: [COORDINATION] Blackboard marked clean (both /tmp and ~/.egos).
2026-06-01 10:51:08: [COORDINATION] Changes detected. Invoking AI summary...
2026-06-01 10:52:09: [COORDINATION] Changes detected. Invoking AI summary...
2026-06-01 10:52:40: [COORDINATION] Changes detected. Invoking AI summary...
2026-06-01 10:52:56: [COORDINATION] Changes detected. Invoking AI summary...
2026-06-01 10:53:11: [COORDINATION] Changes detected. Invoking AI summary...
2026-06-01 10:53:57: [COORDINATION] Changes detected. Invoking AI summary...
2026-06-01 10:54:28: [COORDINATION] Workspace is clean.
2026-06-01 10:54:28: [COORDINATION] Blackboard marked clean (both /tmp and ~/.egos).
2026-06-01 10:54:58: [COORDINATION] Changes detected. Invoking AI summary...
2026-06-01 10:55:44: [COORDINATION] Changes detected. Invoking AI summary...
2026-06-01 10:56:16: [COORDINATION] Changes detected. Invoking AI summary...
2026-06-01 10:56:31: [COORDINATION] Changes detected. Invoking AI summary...
2026-06-01 10:57:17: [COORDINATION] Changes detected. Invoking AI summary...
2026-06-01 10:57:33: [COORDINATION] Changes detected. Invoking AI summary...
2026-06-01 11:00:34: [COORDINATION] Changes detected. Invoking AI summary...
2026-06-01 11:01:50: [COORDINATION] Changes detected. Invoking AI summary...
2026-06-01 11:02:06: [COORDINATION] Changes detected. Invoking AI summary...
2026-06-01 11:02:22: [COORDINATION] Changes detected. Invoking AI summary...
2026-06-01 11:03:23: [COORDINATION] Changes detected. Invoking AI summary...
2026-06-01 11:04:08: [COORDINATION] Changes detected. Invoking AI summary...
2026-06-01 11:04:24: [COORDINATION] Changes detected. Invoking AI summary...
2026-06-01 11:04:40: [COORDINATION] Changes detected. Invoking AI summary...
2026-06-01 11:04:56: [COORDINATION] Changes detected. Invoking AI summary...
2026-06-01 11:06:27: [COORDINATION] Changes detected. Invoking AI summary...
2026-06-01 11:15:28: [COORDINATION] Changes detected. Invoking AI summary...
2026-06-01 11:16:00: [COORDINATION] Changes detected. Invoking AI summary...
2026-06-01 11:16:31: [COORDINATION] Workspace is clean.
2026-06-01 11:16:31: [COORDINATION] Blackboard marked clean (both /tmp and ~/.egos).
2026-06-01 11:17:46: [COORDINATION] Changes detected. Invoking AI summary...
2026-06-01 11:18:02: [COORDINATION] Changes detected. Invoking AI summary...
2026-06-01 11:18:18: [COORDINATION] Changes detected. Invoking AI summary...
2026-06-01 11:18:34: [COORDINATION] Changes detected. Invoking AI summary...
2026-06-01 11:19:27: ◇ injected env (42) from .env // tip: ⌘ enable debugging { debug: true }
2026-06-01 11:19:27: [COORDINATION] Starting background watcher on /home/enio/egos...
2026-06-01 11:19:27: [COORDINATION] Changes detected. Invoking AI summary...
2026-06-01 11:19:41: [COORDINATION] Blackboard successfully updated (both /tmp and ~/.egos).
2026-06-01 11:20:11: [COORDINATION] Changes detected. Invoking AI summary...
2026-06-01 11:20:24: [COORDINATION] Blackboard successfully updated (both /tmp and ~/.egos).
2026-06-01 11:20:39: [COORDINATION] Changes detected. Invoking AI summary...
2026-06-01 11:20:52: [COORDINATION] Blackboard successfully updated (both /tmp and ~/.egos).
2026-06-01 11:26:37: [COORDINATION] Changes detected. Invoking AI summary...
2026-06-01 11:26:51: [COORDINATION] Blackboard successfully updated (both /tmp and ~/.egos).
2026-06-01 11:27:51: [COORDINATION] Changes detected. Invoking AI summary...
2026-06-01 11:28:04: [COORDINATION] Blackboard successfully updated (both /tmp and ~/.egos).
2026-06-01 11:28:19: [COORDINATION] Changes detected. Invoking AI summary...
2026-06-01 11:28:33: [COORDINATION] Blackboard successfully updated (both /tmp and ~/.egos).
2026-06-01 11:28:48: [COORDINATION] Changes detected. Invoking AI summary...
2026-06-01 11:29:00: [COORDINATION] Blackboard successfully updated (both /tmp and ~/.egos).
2026-06-01 11:29:15: [COORDINATION] Changes detected. Invoking AI summary...
2026-06-01 11:29:26: [COORDINATION] Blackboard successfully updated (both /tmp and ~/.egos).
2026-06-01 11:29:41: [COORDINATION] Changes detected. Invoking AI summary...
2026-06-01 11:29:51: [COORDINATION] Blackboard successfully updated (both /tmp and ~/.egos).
2026-06-01 11:30:06: [COORDINATION] Changes detected. Invoking AI summary...
2026-06-01 11:30:17: [COORDINATION] Blackboard successfully updated (both /tmp and ~/.egos).
2026-06-01 11:30:47: [COORDINATION] Changes detected. Invoking AI summary...
2026-06-01 11:30:58: [COORDINATION] Blackboard successfully updated (both /tmp and ~/.egos).
2026-06-01 11:31:13: [COORDINATION] Changes detected. Invoking AI summary...
2026-06-01 11:31:25: [COORDINATION] Blackboard successfully updated (both /tmp and ~/.egos).
2026-06-01 11:31:55: [COORDINATION] Changes detected. Invoking AI summary...
2026-06-01 11:32:06: [COORDINATION] Blackboard successfully updated (both /tmp and ~/.egos).
2026-06-01 11:32:21: [COORDINATION] Changes detected. Invoking AI summary...
2026-06-01 11:32:33: [COORDINATION] Blackboard successfully updated (both /tmp and ~/.egos).
2026-06-01 11:32:48: [COORDINATION] Workspace is clean.
2026-06-01 11:32:48: [COORDINATION] Blackboard marked clean (both /tmp and ~/.egos).
2026-06-01 11:33:18: [COORDINATION] Changes detected. Invoking AI summary...
2026-06-01 11:33:29: [COORDINATION] Blackboard successfully updated (both /tmp and ~/.egos).
2026-06-01 11:33:45: [COORDINATION] Changes detected. Invoking AI summary...
2026-06-01 11:33:56: [COORDINATION] Blackboard successfully updated (both /tmp and ~/.egos).
2026-06-01 11:34:11: [COORDINATION] Changes detected. Invoking AI summary...
2026-06-01 11:34:23: [COORDINATION] Blackboard successfully updated (both /tmp and ~/.egos).
2026-06-01 11:34:38: [COORDINATION] Workspace is clean.
2026-06-01 11:34:38: [COORDINATION] Blackboard marked clean (both /tmp and ~/.egos).
2026-06-01 11:35:53: [COORDINATION] Changes detected. Invoking AI summary...
2026-06-01 11:36:05: [COORDINATION] Blackboard successfully updated (both /tmp and ~/.egos).
2026-06-01 13:08:57: [COORDINATION] Changes detected. Invoking AI summary...
2026-06-01 13:09:03: [COORDINATION] Blackboard successfully updated (both /tmp and ~/.egos).
2026-06-01 13:11:03: [COORDINATION] Changes detected. Invoking AI summary...
2026-06-01 13:11:21: [COORDINATION] Blackboard successfully updated (both /tmp and ~/.egos).
2026-06-01 13:12:06: [COORDINATION] Changes detected. Invoking AI summary...
2026-06-01 13:12:20: [COORDINATION] Blackboard successfully updated (both /tmp and ~/.egos).
2026-06-01 13:12:35: [COORDINATION] Workspace is clean.
2026-06-01 13:12:35: [COORDINATION] Blackboard marked clean (both /tmp and ~/.egos).
2026-06-01 13:13:20: [COORDINATION] Changes detected. Invoking AI summary...
2026-06-01 13:13:36: [COORDINATION] Blackboard successfully updated (both /tmp and ~/.egos).
2026-06-01 13:13:51: [COORDINATION] Changes detected. Invoking AI summary...
2026-06-01 13:14:07: [COORDINATION] Blackboard successfully updated (both /tmp and ~/.egos).
2026-06-01 13:14:22: [COORDINATION] Workspace is clean.
2026-06-01 13:14:22: [COORDINATION] Blackboard marked clean (both /tmp and ~/.egos).
2026-06-01 13:15:07: [COORDINATION] Changes detected. Invoking AI summary...
2026-06-01 13:15:25: [COORDINATION] Blackboard successfully updated (both /tmp and ~/.egos).
2026-06-01 13:16:10: [COORDINATION] Changes detected. Invoking AI summary...
2026-06-01 13:16:25: [COORDINATION] Blackboard successfully updated (both /tmp and ~/.egos).
2026-06-01 13:16:41: [COORDINATION] Workspace is clean.
2026-06-01 13:16:41: [COORDINATION] Blackboard marked clean (both /tmp and ~/.egos).
2026-06-01 13:17:26: [COORDINATION] Changes detected. Invoking AI summary...
2026-06-01 13:17:49: [COORDINATION] Blackboard successfully updated (both /tmp and ~/.egos).
2026-06-01 13:18:49: [COORDINATION] Changes detected. Invoking AI summary...
2026-06-01 13:19:15: [COORDINATION] Blackboard successfully updated (both /tmp and ~/.egos).
2026-06-01 13:20:00: [COORDINATION] Changes detected. Invoking AI summary...
2026-06-01 13:20:15: [COORDINATION] Blackboard successfully updated (both /tmp and ~/.egos).
2026-06-01 13:20:30: [COORDINATION] Workspace is clean.
2026-06-01 13:20:30: [COORDINATION] Blackboard marked clean (both /tmp and ~/.egos).
2026-06-01 13:20:45: [COORDINATION] Changes detected. Invoking AI summary...
2026-06-01 13:21:07: [COORDINATION] Blackboard successfully updated (both /tmp and ~/.egos).
2026-06-01 13:21:37: [COORDINATION] Changes detected. Invoking AI summary...
2026-06-01 13:21:54: [COORDINATION] Blackboard successfully updated (both /tmp and ~/.egos).
2026-06-01 13:27:39: [COORDINATION] Changes detected. Invoking AI summary...
2026-06-01 13:27:53: [COORDINATION] Blackboard successfully updated (both /tmp and ~/.egos).
2026-06-01 13:28:53: [COORDINATION] Changes detected. Invoking AI summary...
2026-06-01 13:29:05: [COORDINATION] Blackboard successfully updated (both /tmp and ~/.egos).
2026-06-01 13:29:20: [COORDINATION] Changes detected. Invoking AI summary...
2026-06-01 13:29:33: [COORDINATION] Blackboard successfully updated (both /tmp and ~/.egos).
2026-06-01 13:30:03: [COORDINATION] Changes detected. Invoking AI summary...
2026-06-01 13:30:19: [COORDINATION] Blackboard successfully updated (both /tmp and ~/.egos).
2026-06-01 13:30:34: [COORDINATION] Changes detected. Invoking AI summary...
2026-06-01 13:30:57: [COORDINATION] Blackboard successfully updated (both /tmp and ~/.egos).
2026-06-01 13:31:57: [COORDINATION] Changes detected. Invoking AI summary...
2026-06-01 13:32:13: [COORDINATION] Blackboard successfully updated (both /tmp and ~/.egos).
2026-06-01 13:32:28: [COORDINATION] Workspace is clean.
2026-06-01 13:32:28: [COORDINATION] Blackboard marked clean (both /tmp and ~/.egos).
2026-06-01 13:33:13: [COORDINATION] Changes detected. Invoking AI summary...
2026-06-01 13:33:26: [COORDINATION] Blackboard successfully updated (both /tmp and ~/.egos).
2026-06-01 13:34:42: [COORDINATION] Changes detected. Invoking AI summary...
2026-06-01 13:34:54: [COORDINATION] Blackboard successfully updated (both /tmp and ~/.egos).
2026-06-01 13:35:09: [COORDINATION] Changes detected. Invoking AI summary...
2026-06-01 13:35:22: [COORDINATION] Blackboard successfully updated (both /tmp and ~/.egos).
2026-06-01 13:36:37: [COORDINATION] Changes detected. Invoking AI summary...
2026-06-01 13:36:50: [COORDINATION] Blackboard successfully updated (both /tmp and ~/.egos).
2026-06-01 13:37:20: [COORDINATION] Changes detected. Invoking AI summary...
2026-06-01 13:37:33: [COORDINATION] Blackboard successfully updated (both /tmp and ~/.egos).
2026-06-01 13:37:48: [COORDINATION] Changes detected. Invoking AI summary...
2026-06-01 13:38:00: [COORDINATION] Blackboard successfully updated (both /tmp and ~/.egos).
2026-06-01 13:38:31: [COORDINATION] Changes detected. Invoking AI summary...
2026-06-01 13:38:57: [COORDINATION] Blackboard successfully updated (both /tmp and ~/.egos).
2026-06-01 13:39:27: [COORDINATION] Changes detected. Invoking AI summary...
2026-06-01 13:39:51: [COORDINATION] Blackboard successfully updated (both /tmp and ~/.egos).
2026-06-01 13:40:06: [COORDINATION] Changes detected. Invoking AI summary...
2026-06-01 13:40:27: [COORDINATION] Blackboard successfully updated (both /tmp and ~/.egos).
2026-06-01 13:40:42: [COORDINATION] Changes detected. Invoking AI summary...
2026-06-01 13:41:07: [COORDINATION] Blackboard successfully updated (both /tmp and ~/.egos).
2026-06-01 13:41:22: [COORDINATION] Changes detected. Invoking AI summary...
2026-06-01 13:43:36: [COORDINATION] Blackboard successfully updated (both /tmp and ~/.egos).
2026-06-01 13:43:51: [COORDINATION] Changes detected. Invoking AI summary...
2026-06-01 13:44:23: [COORDINATION] Blackboard successfully updated (both /tmp and ~/.egos).
2026-06-01 13:44:54: [COORDINATION] Changes detected. Invoking AI summary...
2026-06-01 13:45:30: [COORDINATION] Blackboard successfully updated (both /tmp and ~/.egos).
2026-06-01 13:45:45: [COORDINATION] Changes detected. Invoking AI summary...
2026-06-01 13:46:24: [COORDINATION] Blackboard successfully updated (both /tmp and ~/.egos).
2026-06-01 13:46:39: [COORDINATION] Changes detected. Invoking AI summary...
2026-06-01 13:46:55: [COORDINATION] Blackboard successfully updated (both /tmp and ~/.egos).
2026-06-01 13:47:10: [COORDINATION] Changes detected. Invoking AI summary...
2026-06-01 13:47:24: [COORDINATION] Blackboard successfully updated (both /tmp and ~/.egos).
2026-06-01 13:48:39: [COORDINATION] Changes detected. Invoking AI summary...
2026-06-01 13:48:54: [COORDINATION] Blackboard successfully updated (both /tmp and ~/.egos).
2026-06-01 13:49:09: [COORDINATION] Changes detected. Invoking AI summary...
2026-06-01 13:49:22: [COORDINATION] Blackboard successfully updated (both /tmp and ~/.egos).
2026-06-01 13:49:52: [COORDINATION] Changes detected. Invoking AI summary...
2026-06-01 13:50:05: [COORDINATION] Blackboard successfully updated (both /tmp and ~/.egos).
2026-06-01 13:50:20: [COORDINATION] Changes detected. Invoking AI summary...
2026-06-01 13:50:38: [COORDINATION] Blackboard successfully updated (both /tmp and ~/.egos).
2026-06-01 13:50:53: [COORDINATION] Changes detected. Invoking AI summary...
2026-06-01 13:51:06: [COORDINATION] Blackboard successfully updated (both /tmp and ~/.egos).
2026-06-01 13:51:51: [COORDINATION] Changes detected. Invoking AI summary...
2026-06-01 13:52:05: [COORDINATION] Blackboard successfully updated (both /tmp and ~/.egos).
2026-06-01 13:52:20: [COORDINATION] Changes detected. Invoking AI summary...
2026-06-01 13:52:34: [COORDINATION] Blackboard successfully updated (both /tmp and ~/.egos).
2026-06-01 13:52:49: [COORDINATION] Changes detected. Invoking AI summary...
2026-06-01 13:53:05: [COORDINATION] Blackboard successfully updated (both /tmp and ~/.egos).
2026-06-01 13:54:05: [COORDINATION] Changes detected. Invoking AI summary...
2026-06-01 13:54:17: [COORDINATION] Blackboard successfully updated (both /tmp and ~/.egos).
2026-06-01 13:54:32: [COORDINATION] Changes detected. Invoking AI summary...
2026-06-01 13:54:45: [COORDINATION] Blackboard successfully updated (both /tmp and ~/.egos).
2026-06-01 13:55:00: [COORDINATION] Changes detected. Invoking AI summary...
2026-06-01 13:55:14: [COORDINATION] Blackboard successfully updated (both /tmp and ~/.egos).
2026-06-01 14:04:00: [COORDINATION] Changes detected. Invoking AI summary...
2026-06-01 14:04:06: [COORDINATION] Blackboard successfully updated (both /tmp and ~/.egos).
2026-06-01 14:05:51: [COORDINATION] Changes detected. Invoking AI summary...
2026-06-01 16:50:54: [COORDINATION] Blackboard successfully updated (both /tmp and ~/.egos).
2026-06-01 16:56:10: [COORDINATION] Changes detected. Invoking AI summary...
2026-06-01 16:56:24: [COORDINATION] Blackboard successfully updated (both /tmp and ~/.egos).
2026-06-01 16:56:39: [COORDINATION] Changes detected. Invoking AI summary...
2026-06-01 16:56:49: [COORDINATION] Blackboard successfully updated (both /tmp and ~/.egos).
2026-06-01 16:57:04: [COORDINATION] Changes detected. Invoking AI summary...
2026-06-01 16:57:17: [COORDINATION] Blackboard successfully updated (both /tmp and ~/.egos).
2026-06-01 16:57:47: [COORDINATION] Changes detected. Invoking AI summary...
2026-06-01 16:58:00: [COORDINATION] Blackboard successfully updated (both /tmp and ~/.egos).
2026-06-01 16:59:00: [COORDINATION] Changes detected. Invoking AI summary...
2026-06-01 16:59:11: [COORDINATION] Blackboard successfully updated (both /tmp and ~/.egos).
2026-06-01 16:59:26: [COORDINATION] Changes detected. Invoking AI summary...
2026-06-01 16:59:39: [COORDINATION] Blackboard successfully updated (both /tmp and ~/.egos).
2026-06-01 16:59:54: [COORDINATION] Changes detected. Invoking AI summary...
2026-06-01 17:00:10: [COORDINATION] Blackboard successfully updated (both /tmp and ~/.egos).
2026-06-01 17:00:25: [COORDINATION] Changes detected. Invoking AI summary...
2026-06-01 17:00:38: [COORDINATION] Blackboard successfully updated (both /tmp and ~/.egos).
2026-06-01 17:03:53: [COORDINATION] Changes detected. Invoking AI summary...
2026-06-01 17:03:59: [COORDINATION] Blackboard successfully updated (both /tmp and ~/.egos).
2026-06-01 17:04:44: [COORDINATION] Changes detected. Invoking AI summary...
2026-06-01 17:04:57: [COORDINATION] Blackboard successfully updated (both /tmp and ~/.egos).
2026-06-01 17:05:12: [COORDINATION] Changes detected. Invoking AI summary...
2026-06-01 17:05:28: [COORDINATION] Blackboard successfully updated (both /tmp and ~/.egos).
2026-06-01 17:05:43: [COORDINATION] Changes detected. Invoking AI summary...
2026-06-01 17:05:54: [COORDINATION] Blackboard successfully updated (both /tmp and ~/.egos).
2026-06-01 17:06:55: [COORDINATION] Changes detected. Invoking AI summary...
2026-06-01 17:07:09: [COORDINATION] Blackboard successfully updated (both /tmp and ~/.egos).
2026-06-01 17:07:40: [COORDINATION] Changes detected. Invoking AI summary...
2026-06-01 17:07:53: [COORDINATION] Blackboard successfully updated (both /tmp and ~/.egos).
2026-06-01 17:08:08: [COORDINATION] Changes detected. Invoking AI summary...
2026-06-01 17:08:21: [COORDINATION] Blackboard successfully updated (both /tmp and ~/.egos).
2026-06-01 17:09:36: [COORDINATION] Changes detected. Invoking AI summary...
2026-06-01 17:09:50: [COORDINATION] Blackboard successfully updated (both /tmp and ~/.egos).
2026-06-01 17:10:05: [COORDINATION] Changes detected. Invoking AI summary...
2026-06-01 17:10:17: [COORDINATION] Blackboard successfully updated (both /tmp and ~/.egos).
2026-06-01 17:10:32: [COORDINATION] Changes detected. Invoking AI summary...
2026-06-01 17:10:45: [COORDINATION] Blackboard successfully updated (both /tmp and ~/.egos).
2026-06-01 17:11:15: [COORDINATION] Changes detected. Invoking AI summary...
2026-06-01 17:11:27: [COORDINATION] Blackboard successfully updated (both /tmp and ~/.egos).
2026-06-01 17:11:42: [COORDINATION] Changes detected. Invoking AI summary...
2026-06-01 17:11:53: [COORDINATION] Blackboard successfully updated (both /tmp and ~/.egos).
2026-06-01 17:13:54: [COORDINATION] Changes detected. Invoking AI summary...
2026-06-01 17:14:06: [COORDINATION] Blackboard successfully updated (both /tmp and ~/.egos).
2026-06-01 17:14:21: [COORDINATION] Changes detected. Invoking AI summary...
2026-06-01 17:14:36: [COORDINATION] Blackboard successfully updated (both /tmp and ~/.egos).
2026-06-01 17:14:51: [COORDINATION] Changes detected. Invoking AI summary...
2026-06-01 17:15:02: [COORDINATION] Blackboard successfully updated (both /tmp and ~/.egos).
2026-06-01 17:15:17: [COORDINATION] Changes detected. Invoking AI summary...
2026-06-01 17:15:31: [COORDINATION] Blackboard successfully updated (both /tmp and ~/.egos).
2026-06-01 17:16:31: [COORDINATION] Changes detected. Invoking AI summary...
2026-06-01 17:16:45: [COORDINATION] Blackboard successfully updated (both /tmp and ~/.egos).
2026-06-01 17:17:00: [COORDINATION] Changes detected. Invoking AI summary...
2026-06-01 17:17:13: [COORDINATION] Blackboard successfully updated (both /tmp and ~/.egos).
2026-06-01 17:18:13: [COORDINATION] Changes detected. Invoking AI summary...
2026-06-01 17:18:28: [COORDINATION] Blackboard successfully updated (both /tmp and ~/.egos).
2026-06-01 17:18:43: [COORDINATION] Changes detected. Invoking AI summary...
2026-06-01 17:18:55: [COORDINATION] Blackboard successfully updated (both /tmp and ~/.egos).
2026-06-01 17:19:10: [COORDINATION] Changes detected. Invoking AI summary...
2026-06-01 17:19:16: [COORDINATION] Blackboard successfully updated (both /tmp and ~/.egos).
2026-06-01 17:20:31: [COORDINATION] Changes detected. Invoking AI summary...
2026-06-01 17:20:43: [COORDINATION] Blackboard successfully updated (both /tmp and ~/.egos).
2026-06-01 17:21:43: [COORDINATION] Changes detected. Invoking AI summary...
2026-06-01 17:21:56: [COORDINATION] Blackboard successfully updated (both /tmp and ~/.egos).
2026-06-01 17:22:26: [COORDINATION] Changes detected. Invoking AI summary...
2026-06-01 17:22:40: [COORDINATION] Blackboard successfully updated (both /tmp and ~/.egos).
2026-06-01 17:22:55: [COORDINATION] Changes detected. Invoking AI summary...
2026-06-01 17:23:09: [COORDINATION] Blackboard successfully updated (both /tmp and ~/.egos).
2026-06-01 17:23:24: [COORDINATION] Changes detected. Invoking AI summary...
2026-06-01 17:23:39: [COORDINATION] Blackboard successfully updated (both /tmp and ~/.egos).
2026-06-01 17:24:54: [COORDINATION] Changes detected. Invoking AI summary...
2026-06-01 17:25:06: [COORDINATION] Blackboard successfully updated (both /tmp and ~/.egos).
2026-06-01 17:25:21: [COORDINATION] Changes detected. Invoking AI summary...
2026-06-01 17:25:36: [COORDINATION] Blackboard successfully updated (both /tmp and ~/.egos).
2026-06-01 17:25:51: [COORDINATION] Changes detected. Invoking AI summary...
2026-06-01 17:26:05: [COORDINATION] Blackboard successfully updated (both /tmp and ~/.egos).
2026-06-01 17:26:20: [COORDINATION] Changes detected. Invoking AI summary...
2026-06-01 17:26:33: [COORDINATION] Blackboard successfully updated (both /tmp and ~/.egos).
2026-06-01 17:26:48: [COORDINATION] Changes detected. Invoking AI summary...
2026-06-01 17:26:57: [COORDINATION] Blackboard successfully updated (both /tmp and ~/.egos).
2026-06-01 17:30:27: [COORDINATION] Changes detected. Invoking AI summary...
2026-06-01 17:30:38: [COORDINATION] Blackboard successfully updated (both /tmp and ~/.egos).
2026-06-01 17:30:53: [COORDINATION] Changes detected. Invoking AI summary...
2026-06-01 17:31:04: [COORDINATION] Blackboard successfully updated (both /tmp and ~/.egos).
2026-06-01 17:31:19: [COORDINATION] Changes detected. Invoking AI summary...
2026-06-01 17:31:28: [COORDINATION] Blackboard successfully updated (both /tmp and ~/.egos).
2026-06-01 17:33:58: [COORDINATION] Changes detected. Invoking AI summary...
2026-06-01 17:34:10: [COORDINATION] Blackboard successfully updated (both /tmp and ~/.egos).
2026-06-01 17:34:40: [COORDINATION] Changes detected. Invoking AI summary...
2026-06-01 17:34:51: [COORDINATION] Blackboard successfully updated (both /tmp and ~/.egos).
2026-06-01 17:37:07: [COORDINATION] Changes detected. Invoking AI summary...
2026-06-01 17:37:17: [COORDINATION] Blackboard successfully updated (both /tmp and ~/.egos).
2026-06-01 17:37:32: [COORDINATION] Changes detected. Invoking AI summary...
2026-06-01 17:37:43: [COORDINATION] Blackboard successfully updated (both /tmp and ~/.egos).
2026-06-01 17:37:58: [COORDINATION] Changes detected. Invoking AI summary...
2026-06-01 17:38:09: [COORDINATION] Blackboard successfully updated (both /tmp and ~/.egos).
2026-06-01 17:38:54: [COORDINATION] Changes detected. Invoking AI summary...
2026-06-01 17:39:03: [COORDINATION] Blackboard successfully updated (both /tmp and ~/.egos).
2026-06-01 17:39:18: [COORDINATION] Changes detected. Invoking AI summary...
2026-06-01 17:39:29: [COORDINATION] Blackboard successfully updated (both /tmp and ~/.egos).
2026-06-01 17:39:44: [COORDINATION] Changes detected. Invoking AI summary...
2026-06-01 17:39:55: [COORDINATION] Blackboard successfully updated (both /tmp and ~/.egos).
2026-06-01 17:40:10: [COORDINATION] Changes detected. Invoking AI summary...
2026-06-01 17:40:18: [COORDINATION] Blackboard successfully updated (both /tmp and ~/.egos).
2026-06-01 17:43:48: [COORDINATION] Changes detected. Invoking AI summary...
2026-06-01 17:43:58: [COORDINATION] Blackboard successfully updated (both /tmp and ~/.egos).
2026-06-01 17:44:58: [COORDINATION] Changes detected. Invoking AI summary...
2026-06-01 17:45:10: [COORDINATION] Blackboard successfully updated (both /tmp and ~/.egos).
2026-06-01 17:45:25: [COORDINATION] Changes detected. Invoking AI summary...
2026-06-01 17:45:35: [COORDINATION] Blackboard successfully updated (both /tmp and ~/.egos).
2026-06-01 23:11:36: [COORDINATION] Changes detected. Invoking AI summary...
2026-06-01 23:11:43: [COORDINATION] Blackboard successfully updated (both /tmp and ~/.egos).
2026-06-01 23:11:58: [COORDINATION] Changes detected. Invoking AI summary...
2026-06-01 23:12:15: [COORDINATION] Blackboard successfully updated (both /tmp and ~/.egos).
2026-06-01 23:12:31: [COORDINATION] Changes detected. Invoking AI summary...
2026-06-01 23:12:47: [COORDINATION] Blackboard successfully updated (both /tmp and ~/.egos).
2026-06-01 23:13:02: [COORDINATION] Changes detected. Invoking AI summary...
2026-06-01 23:13:25: [COORDINATION] Blackboard successfully updated (both /tmp and ~/.egos).
2026-06-01 23:14:55: [COORDINATION] Changes detected. Invoking AI summary...
2026-06-01 23:15:09: [COORDINATION] Blackboard successfully updated (both /tmp and ~/.egos).
2026-06-01 23:18:39: [COORDINATION] Changes detected. Invoking AI summary...
2026-06-01 23:18:51: [COORDINATION] Blackboard successfully updated (both /tmp and ~/.egos).
2026-06-01 23:22:21: [COORDINATION] Changes detected. Invoking AI summary...
2026-06-01 23:22:34: [COORDINATION] Blackboard successfully updated (both /tmp and ~/.egos).
2026-06-01 23:24:04: [COORDINATION] Changes detected. Invoking AI summary...
2026-06-01 23:24:23: [COORDINATION] Blackboard successfully updated (both /tmp and ~/.egos).
2026-06-01 23:24:53: [COORDINATION] Changes detected. Invoking AI summary...
2026-06-01 23:25:12: [COORDINATION] Blackboard successfully updated (both /tmp and ~/.egos).
2026-06-01 23:25:27: [COORDINATION] Changes detected. Invoking AI summary...
2026-06-01 23:25:57: [COORDINATION] Blackboard successfully updated (both /tmp and ~/.egos).
2026-06-01 23:26:12: [COORDINATION] Changes detected. Invoking AI summary...
2026-06-01 23:26:35: [COORDINATION] Blackboard successfully updated (both /tmp and ~/.egos).
2026-06-01 23:26:50: [COORDINATION] Changes detected. Invoking AI summary...
2026-06-01 23:27:13: [COORDINATION] Blackboard successfully updated (both /tmp and ~/.egos).
2026-06-01 23:27:28: [COORDINATION] Changes detected. Invoking AI summary...
2026-06-01 23:27:43: [COORDINATION] Blackboard successfully updated (both /tmp and ~/.egos).
2026-06-01 23:37:44: [COORDINATION] Changes detected. Invoking AI summary...
2026-06-01 23:37:50: [COORDINATION] Blackboard successfully updated (both /tmp and ~/.egos).
2026-06-01 23:38:05: [COORDINATION] Changes detected. Invoking AI summary...
2026-06-01 23:38:20: [COORDINATION] Blackboard successfully updated (both /tmp and ~/.egos).
2026-06-01 23:39:50: [COORDINATION] Changes detected. Invoking AI summary...
2026-06-01 23:40:01: [COORDINATION] Blackboard successfully updated (both /tmp and ~/.egos).
2026-06-01 23:40:31: [COORDINATION] Changes detected. Invoking AI summary...
2026-06-01 23:40:42: [COORDINATION] Blackboard successfully updated (both /tmp and ~/.egos).
